I, [2018-01-21T14:41:59.886339 #872]  INFO -- : Refreshing Gem list
I, [2018-01-21T14:42:39.009251 #872]  INFO -- : listening on addr=127.0.0.1:8080 fd=18
I, [2018-01-21T14:42:39.011799 #872]  INFO -- : listening on addr=/var/opt/gitlab/gitlab-rails/sockets/gitlab.socket fd=19
I, [2018-01-21T14:42:39.036662 #872]  INFO -- : master process ready
I, [2018-01-21T14:42:39.108381 #1254]  INFO -- : worker=1 ready
I, [2018-01-21T14:42:39.145609 #1251]  INFO -- : worker=0 ready
I, [2018-01-21T15:01:51.924835 #872]  INFO -- : reaped #<Process::Status: pid 1251 exit 0> worker=0
I, [2018-01-21T15:01:51.927222 #872]  INFO -- : reaped #<Process::Status: pid 1254 exit 0> worker=1
I, [2018-01-21T15:01:51.928969 #872]  INFO -- : master complete
I, [2018-01-21T15:03:32.411336 #487]  INFO -- : Refreshing Gem list
I, [2018-01-21T15:04:08.274630 #487]  INFO -- : listening on addr=127.0.0.1:8080 fd=18
I, [2018-01-21T15:04:08.276573 #487]  INFO -- : unlinking existing socket=/var/opt/gitlab/gitlab-rails/sockets/gitlab.socket
I, [2018-01-21T15:04:08.277947 #487]  INFO -- : listening on addr=/var/opt/gitlab/gitlab-rails/sockets/gitlab.socket fd=19
I, [2018-01-21T15:04:08.308181 #487]  INFO -- : master process ready
I, [2018-01-21T15:04:08.401682 #726]  INFO -- : worker=0 ready
I, [2018-01-21T15:04:08.426520 #729]  INFO -- : worker=1 ready
I, [2018-01-21T15:17:49.609481 #487]  INFO -- : reaped #<Process::Status: pid 726 exit 0> worker=0
I, [2018-01-21T15:17:49.624137 #487]  INFO -- : reaped #<Process::Status: pid 729 exit 0> worker=1
I, [2018-01-21T15:17:49.629807 #487]  INFO -- : master complete
I, [2018-01-21T15:20:33.540219 #516]  INFO -- : Refreshing Gem list
I, [2018-01-21T15:21:23.435037 #516]  INFO -- : listening on addr=127.0.0.1:8080 fd=18
I, [2018-01-21T15:21:23.438046 #516]  INFO -- : unlinking existing socket=/var/opt/gitlab/gitlab-rails/sockets/gitlab.socket
I, [2018-01-21T15:21:23.439542 #516]  INFO -- : listening on addr=/var/opt/gitlab/gitlab-rails/sockets/gitlab.socket fd=19
I, [2018-01-21T15:21:23.458299 #516]  INFO -- : master process ready
I, [2018-01-21T15:21:23.572604 #678]  INFO -- : worker=1 ready
I, [2018-01-21T15:21:23.593428 #676]  INFO -- : worker=0 ready
I, [2018-01-21T15:57:22.117244 #516]  INFO -- : reaped #<Process::Status: pid 676 exit 0> worker=0
I, [2018-01-21T15:57:22.124539 #516]  INFO -- : reaped #<Process::Status: pid 678 exit 0> worker=1
I, [2018-01-21T15:57:22.129390 #516]  INFO -- : master complete
I, [2018-01-21T15:59:38.419903 #484]  INFO -- : Refreshing Gem list
I, [2018-01-21T16:00:07.175440 #484]  INFO -- : listening on addr=127.0.0.1:8080 fd=18
I, [2018-01-21T16:00:07.177169 #484]  INFO -- : unlinking existing socket=/var/opt/gitlab/gitlab-rails/sockets/gitlab.socket
I, [2018-01-21T16:00:07.179023 #484]  INFO -- : listening on addr=/var/opt/gitlab/gitlab-rails/sockets/gitlab.socket fd=19
I, [2018-01-21T16:00:07.230225 #484]  INFO -- : master process ready
I, [2018-01-21T16:00:07.369070 #743]  INFO -- : worker=1 ready
I, [2018-01-21T16:00:07.395741 #741]  INFO -- : worker=0 ready
I, [2018-01-21T16:12:42.742449 #513]  INFO -- : Refreshing Gem list
I, [2018-01-21T16:13:17.579022 #513]  INFO -- : listening on addr=127.0.0.1:8080 fd=18
I, [2018-01-21T16:13:17.581244 #513]  INFO -- : unlinking existing socket=/var/opt/gitlab/gitlab-rails/sockets/gitlab.socket
I, [2018-01-21T16:13:17.582946 #513]  INFO -- : listening on addr=/var/opt/gitlab/gitlab-rails/sockets/gitlab.socket fd=19
I, [2018-01-21T16:13:17.611916 #513]  INFO -- : master process ready
I, [2018-01-21T16:13:17.672006 #895]  INFO -- : worker=0 ready
I, [2018-01-21T16:13:17.684368 #898]  INFO -- : worker=1 ready
I, [2018-01-21T16:16:08.199853 #513]  INFO -- : reaped #<Process::Status: pid 898 exit 0> worker=1
I, [2018-01-21T16:16:08.201376 #513]  INFO -- : reaped #<Process::Status: pid 895 exit 0> worker=0
I, [2018-01-21T16:16:08.201881 #513]  INFO -- : master complete
