--- Copying files at Mon Jan 15 18:08:25 UTC 2018
INSTALLED init.groovy.d/init-jenkins-security.groovy
INSTALLED init.groovy.d/add-credential-with-ssh-key.groovy
INSTALLED init.groovy.d/tcp-slave-agent-port.groovy
INSTALLED plugins/junit.jpi : 1.23
INSTALLED plugins/mailer.jpi : 1.20
INSTALLED plugins/scm-api.jpi : 2.2.6
INSTALLED plugins/git-client.jpi : 2.7.0
INSTALLED plugins/gitlab-plugin.jpi : 1.5.2
INSTALLED plugins/workflow-scm-step.jpi : 2.6
INSTALLED plugins/display-url-api.jpi : 2.2.0
INSTALLED plugins/ssh-credentials.jpi : 1.13
INSTALLED plugins/workflow-step-api.jpi : 2.14
INSTALLED plugins/credentials.jpi : 2.1.16
INSTALLED plugins/jsch.jpi : 0.1.54.1
INSTALLED plugins/structs.jpi : 1.10
INSTALLED plugins/git.jpi : 3.7.0
INSTALLED plugins/workflow-api.jpi : 2.24
INSTALLED plugins/apache-httpcomponents-client-4-api.jpi : 4.5.3-2.0
INSTALLED plugins/script-security.jpi : 1.40
INSTALLED plugins/matrix-project.jpi : 1.12
--- Copying files at Mon Jan 15 18:18:46 UTC 2018
--- Copying files at Tue Jan 16 03:03:10 UTC 2018
--- Copying files at Wed Jan 17 10:45:36 UTC 2018
--- Copying files at Thu Jan 18 08:40:52 UTC 2018
--- Copying files at Thu Jan 18 10:15:30 UTC 2018
--- Copying files at Fri Jan 19 03:14:12 UTC 2018
--- Copying files at Sun Jan 21 14:24:45 UTC 2018
--- Copying files at Sun Jan 21 14:40:27 UTC 2018
--- Copying files at Sun Jan 21 14:48:42 UTC 2018
--- Copying files at Sun Jan 21 15:02:50 UTC 2018
--- Copying files at Sun Jan 21 15:20:10 UTC 2018
--- Copying files at Sun Jan 21 15:58:56 UTC 2018
--- Copying files at Sun Jan 21 16:12:06 UTC 2018
